# JRE version: Java(TM) SE Runtime Environment (16.0.2+7) (build 16.0.2+7-67)
# Java VM: Java HotSpot(TM) 64-Bit Server VM (16.0.2+7-67, mixed mode, sharing, tiered, compressed oops, compressed class ptrs, g1 gc, windows-amd64)
GC Precious Log:
 CPUs: 4 total, 4 available
 Memory: 7615M
 Large Page Support: Disabled
 NUMA Support: Disabled
 Compressed Oops: Enabled (32-bit)
 Heap Region Size: 1M
 Heap Min Capacity: 8M
 Heap Initial Capacity: 120M
 Heap Max Capacity: 1904M
 Pre-touch: Disabled
 Parallel Workers: 4
 Concurrent Workers: 1
 Concurrent Refinement Workers: 4
 Periodic GC: Disabled
Heap:
 garbage-first heap   total 368640K, used 253440K [0x0000000089000000, 0x0000000100000000)
  region size 1024K, 5 young (5120K), 5 survivors (5120K)
 Metaspace       used 325K, committed 512K, reserved 1056768K
  class space    used 17K, committed 128K, reserved 1048576K
GC Heap History (19 events):
Event: 0.114 GC heap before
{Heap before GC invocations=0 (full 0):
 garbage-first heap   total 122880K, used 13312K [0x0000000089000000, 0x0000000100000000)
  region size 1024K, 13 young (13312K), 0 survivors (0K)
 Metaspace       used 275K, committed 448K, reserved 1056768K
  class space    used 16K, committed 128K, reserved 1048576K
}
Event: 0.125 GC heap after
{Heap after GC invocations=1 (full 0):
 garbage-first heap   total 122880K, used 11109K [0x0000000089000000, 0x0000000100000000)
  region size 1024K, 2 young (2048K), 2 survivors (2048K)
 Metaspace       used 275K, committed 448K, reserved 1056768K
  class space    used 16K, committed 128K, reserved 1048576K
}
Event: 0.127 GC heap before
{Heap before GC invocations=1 (full 0):
 garbage-first heap   total 122880K, used 18277K [0x0000000089000000, 0x0000000100000000)
  region size 1024K, 9 young (9216K), 2 survivors (2048K)
 Metaspace       used 275K, committed 448K, reserved 1056768K
  class space    used 16K, committed 128K, reserved 1048576K
}
Event: 0.136 GC heap after
{Heap after GC invocations=2 (full 0):
 garbage-first heap   total 122880K, used 18944K [0x0000000089000000, 0x0000000100000000)
  region size 1024K, 2 young (2048K), 2 survivors (2048K)
 Metaspace       used 275K, committed 448K, reserved 1056768K
  class space    used 16K, committed 128K, reserved 1048576K
}
Event: 0.138 GC heap before
{Heap before GC invocations=2 (full 0):
 garbage-first heap   total 122880K, used 29184K [0x0000000089000000, 0x0000000100000000)
  region size 1024K, 12 young (12288K), 2 survivors (2048K)
 Metaspace       used 275K, committed 448K, reserved 1056768K
  class space    used 16K, committed 128K, reserved 1048576K
}
Event: 0.144 GC heap after
{Heap after GC invocations=3 (full 0):
 garbage-first heap   total 122880K, used 29696K [0x0000000089000000, 0x0000000100000000)
  region size 1024K, 2 young (2048K), 2 survivors (2048K)
 Metaspace       used 275K, committed 448K, reserved 1056768K
  class space    used 16K, committed 128K, reserved 1048576K
}
Event: 0.149 GC heap before
{Heap before GC invocations=3 (full 0):
 garbage-first heap   total 122880K, used 46080K [0x0000000089000000, 0x0000000100000000)
  region size 1024K, 18 young (18432K), 2 survivors (2048K)
 Metaspace       used 275K, committed 448K, reserved 1056768K
  class space    used 16K, committed 128K, reserved 1048576K
}
Event: 0.159 GC heap after
{Heap after GC invocations=4 (full 0):
 garbage-first heap   total 122880K, used 46592K [0x0000000089000000, 0x0000000100000000)
  region size 1024K, 3 young (3072K), 3 survivors (3072K)
 Metaspace       used 275K, committed 448K, reserved 1056768K
  class space    used 16K, committed 128K, reserved 1048576K
}
Event: 0.162 GC heap before
{Heap before GC invocations=4 (full 0):
 garbage-first heap   total 122880K, used 65024K [0x0000000089000000, 0x0000000100000000)
  region size 1024K, 21 young (21504K), 3 survivors (3072K)
 Metaspace       used 275K, committed 448K, reserved 1056768K
  class space    used 16K, committed 128K, reserved 1048576K
}
Event: 0.173 GC heap after
{Heap after GC invocations=5 (full 0):
 garbage-first heap   total 368640K, used 65536K [0x0000000089000000, 0x0000000100000000)
  region size 1024K, 3 young (3072K), 3 survivors (3072K)
 Metaspace       used 275K, committed 448K, reserved 1056768K
  class space    used 16K, committed 128K, reserved 1048576K
}
Event: 0.191 GC heap before
{Heap before GC invocations=5 (full 0):
 garbage-first heap   total 368640K, used 94208K [0x0000000089000000, 0x0000000100000000)
  region size 1024K, 31 young (31744K), 3 survivors (3072K)
 Metaspace       used 275K, committed 448K, reserved 1056768K
  class space    used 16K, committed 128K, reserved 1048576K
}
Event: 0.201 GC heap after
{Heap after GC invocations=6 (full 0):
 garbage-first heap   total 368640K, used 94720K [0x0000000089000000, 0x0000000100000000)
  region size 1024K, 4 young (4096K), 4 survivors (4096K)
 Metaspace       used 275K, committed 448K, reserved 1056768K
  class space    used 16K, committed 128K, reserved 1048576K
}
Event: 0.212 GC heap before
{Heap before GC invocations=6 (full 0):
 garbage-first heap   total 368640K, used 132608K [0x0000000089000000, 0x0000000100000000)
  region size 1024K, 41 young (41984K), 4 survivors (4096K)
 Metaspace       used 275K, committed 448K, reserved 1056768K
  class space    used 16K, committed 128K, reserved 1048576K
}
Event: 0.222 GC heap after
{Heap after GC invocations=7 (full 0):
 garbage-first heap   total 368640K, used 133120K [0x0000000089000000, 0x0000000100000000)
  region size 1024K, 6 young (6144K), 6 survivors (6144K)
 Metaspace       used 275K, committed 448K, reserved 1056768K
  class space    used 16K, committed 128K, reserved 1048576K
}
Event: 2.258 GC heap before
{Heap before GC invocations=7 (full 0):
 garbage-first heap   total 368640K, used 181248K [0x0000000089000000, 0x0000000100000000)
  region size 1024K, 53 young (54272K), 6 survivors (6144K)
 Metaspace       used 300K, committed 512K, reserved 1056768K
  class space    used 16K, committed 128K, reserved 1048576K
}
Event: 2.272 GC heap after
{Heap after GC invocations=8 (full 0):
 garbage-first heap   total 368640K, used 173056K [0x0000000089000000, 0x0000000100000000)
  region size 1024K, 7 young (7168K), 7 survivors (7168K)
 Metaspace       used 300K, committed 512K, reserved 1056768K
  class space    used 16K, committed 128K, reserved 1048576K
}
Event: 2.446 GC heap before
{Heap before GC invocations=8 (full 0):
 garbage-first heap   total 368640K, used 222208K [0x0000000089000000, 0x0000000100000000)
  region size 1024K, 55 young (56320K), 7 survivors (7168K)
 Metaspace       used 325K, committed 512K, reserved 1056768K
  class space    used 17K, committed 128K, reserved 1048576K
}
Event: 2.483 GC heap after
{Heap after GC invocations=9 (full 0):
 garbage-first heap   total 368640K, used 219136K [0x0000000089000000, 0x0000000100000000)
  region size 1024K, 7 young (7168K), 7 survivors (7168K)
 Metaspace       used 325K, committed 512K, reserved 1056768K
  class space    used 17K, committed 128K, reserved 1048576K
}
Event: 2.495 GC heap before
{Heap before GC invocations=9 (full 0):
 garbage-first heap   total 368640K, used 252928K [0x0000000089000000, 0x0000000100000000)
  region size 1024K, 40 young (40960K), 7 survivors (7168K)
 Metaspace       used 325K, committed 512K, reserved 1056768K
  class space    used 17K, committed 128K, reserved 1048576K
}

